cl : Command line warning D9030: '/Gm' is incompatible with multiprocessing; ignoring /MP switch
  raytrace.cpp
  Texture.cpp
  SphereTexture.cpp
  InvSphereMap.cpp
  HDRTexture.cpp
  Gamma.cpp
  TriMesh.cpp
  obj_load.cpp
  BspTree.cpp
  Accelerator.cpp
  Triangle.cpp
  Sphere.cpp
  Plane.cpp
  Randomizer.cpp
  string_utils.cpp
  RenderEngine.cpp
  PointLight.cpp
  Directional.cpp
  AreaLight.cpp
  Volume.cpp
  Generating Code...
  Compiling...
  Transparent.cpp
  Textured.cpp
  PhotonCaustics.cpp
  Phong.cpp
  Mirror.cpp
  Lambertian.cpp
  GlossyVolume.cpp
  Glossy.cpp
  RayTracer.cpp
  RayCaster.cpp
  ParticleTracer.cpp
  Scene.cpp
  Camera.cpp
  Generating Code...
  LINK : C:\02562 Rendering2\Rendering2\Framework\Debug\raytrace.exe not found or not built by the last incremental link; performing full link
Camera.obj : warning LNK4075: ignoring '/EDITANDCONTINUE' due to '/SAFESEH' specification
  raytrace.vcxproj -> C:\02562 Rendering2\Rendering2\Framework\Debug\raytrace.exe
  raytrace.vcxproj -> C:\02562 Rendering2\Rendering2\Framework\Debug\raytrace.pdb (Full PDB)
