  AreaLight.cpp
  Directional.cpp
  Glossy.cpp
  GlossyVolume.cpp
  Mirror.cpp
  ParticleTracer.cpp
  PhotonCaustics.cpp
  PointLight.cpp
  RayCaster.cpp
  RayTracer.cpp
  RenderEngine.cpp
  Scene.cpp
  Transparent.cpp
  TriMesh.cpp
  Triangle.cpp
  Volume.cpp
  raytrace.cpp
  Generating code
  8 of 2170 functions ( 0.4%) were compiled, the rest were copied from previous compilation.
    1 functions were new in current compilation
    51 functions had inline decision re-evaluated but remain unchanged
  Finished generating code
  raytrace.vcxproj -> C:\02562 Rendering2\Rendering2\Framework\Release\raytrace.exe
  raytrace.vcxproj -> C:\02562 Rendering2\Rendering2\Framework\Release\raytrace.pdb (Full PDB)
